#C: 2004/9/22 1
=1=*1"demo"*2"Demonstration from DataPerfect LA 2004 Conference"*3"2"*4"0"*5"0"*6"0"*7""*8""*9""*10""*11"0"*13""*14"1"**
#C: 2
=1=*1"dpweb"*2"Firestorm Two Application Registration and Control"*3"8"*4"7"*5"4"*6"0"*7"SID"*8"UID"*9"PWD"*10""*11"0"*13""*14"3"**
#C: 2004/9/22 1
=2=*1"demo"*3"1"*4"search-last"*5"Search Results Given Prefix of a Last Name"*6""*7""*9""*10"1"*11"1"**
#C: 2
=2=*1"dpweb"*3"1"*4"list-all"*5"List All Applications"*6""*7""*9""*10"3"*11"1"**
#C: 3
=2=*1"dpweb"*3"2"*4"list-app"*5"Show details of one application"*6""*7""*9""*10"1"*11"1"**
#C: 4
=2=*1"dpweb"*3"3"*4"list-page"*5"DPweb Application Show Details of One Page"*6""*7""*9""*10"1"*11"1"**
#C: 2004/9/22 1
=3=*1"demo"*3"search-last"*5"1"*6"5"*8"1"**
#C: 2
=3=*1"dpweb"*3"list-all"*5"1"*6"2"*8"1"**
#C: 3
=3=*1"dpweb"*3"list-all"*5"2"*6"4"*8"1"**
#C: 4
=3=*1"dpweb"*3"list-all"*5"3"*6"3"*8"1"**
#C: 5
=3=*1"dpweb"*3"list-app"*5"1"*6"5"*8"1"**
#C: 6
=3=*1"dpweb"*3"list-page"*5"1"*6"6"*8"1"**
#C: 2004/9/22 1
=4=*1"demo"*3"5"*4"Phone List Search getting Last Name Prefix from Parameter Panel"*5""**
#C: 2
=4=*1"dpweb"*3"2"*4"DPweb Application HTML Header"*5""**
#C: 3
=4=*1"dpweb"*3"4"*4"DPweb Application List All Applications"*5""**
#C: 4
=4=*1"dpweb"*3"3"*4"DPweb Application HTML Trailer"*5""**
#C: 5
=4=*1"dpweb"*3"5"*4"DPweb Application Show One Application"*5""**
#C: 6
=4=*1"dpweb"*3"6"*4"DPweb Application Show One Application Page Information"*5"X"**
